<?xml version="1.0" encoding="UTF-8" ?>
<testsuite tests="4" failures="1" name="edu.byui.cit360.controller.sendClientInfoTest" time="0.11" errors="3" skipped="0">
  <properties>
[...]
</properties>
  <testcase classname="edu.byui.cit360.controller.sendClientInfoTest" name="testDoPost" time="0.076">
    <error type="java.lang.NullPointerException">java.lang.NullPointerException
	at edu.byui.cit360.controller.sendClientInfo.processRequest(sendClientInfo.java:42)
	at edu.byui.cit360.controller.sendClientInfo.doPost(sendClientInfo.java:101)
	at edu.byui.cit360.controller.sendClientInfoTest.testDoPost(sendClientInfoTest.java:56)
</error>
    <system-out>doPost
</system-out>
  </testcase>
  <testcase classname="edu.byui.cit360.controller.sendClientInfoTest" name="testDoGet" time="0">
    <error type="java.lang.NullPointerException">java.lang.NullPointerException
	at edu.byui.cit360.controller.sendClientInfo.processRequest(sendClientInfo.java:42)
	at edu.byui.cit360.controller.sendClientInfo.doGet(sendClientInfo.java:87)
	at edu.byui.cit360.controller.sendClientInfoTest.testDoGet(sendClientInfoTest.java:43)
</error>
    <system-out>doGet
</system-out>
  </testcase>
  <testcase classname="edu.byui.cit360.controller.sendClientInfoTest" name="testProcessRequest" time="0.001">
    <error type="java.lang.NullPointerException">java.lang.NullPointerException
	at edu.byui.cit360.controller.sendClientInfo.processRequest(sendClientInfo.java:42)
	at edu.byui.cit360.controller.sendClientInfoTest.testProcessRequest(sendClientInfoTest.java:30)
</error>
    <system-out>processRequest
</system-out>
  </testcase>
  <testcase classname="edu.byui.cit360.controller.sendClientInfoTest" name="testGetServletInfo" time="0">
    <failure message="expected:&lt;[]&gt; but was:&lt;[Short description]&gt;" type="junit.framework.ComparisonFailure">junit.framework.ComparisonFailure: expected:&lt;[]&gt; but was:&lt;[Short description]&gt;
	at junit.framework.Assert.assertEquals(Assert.java:81)
	at junit.framework.Assert.assertEquals(Assert.java:87)
	at edu.byui.cit360.controller.sendClientInfoTest.testGetServletInfo(sendClientInfoTest.java:69)
</failure>
    <system-out>getServletInfo
</system-out>
  </testcase>
</testsuite>